<?xml version="1.0" encoding="UTF-8"?>
<TestRun id="e3e3615c-c188-4418-abb3-24ccd2518bb0" name="jalex@JALEX-LT 2012-06-29 15:46:45" runUser="LDCINT\jalex" xmlns="http://microsoft.com/schemas/VisualStudio/TeamTest/2010">
  <TestSettings name="Local" id="1d5d2eda-23a7-40a0-a866-8860f7c71cd4">
    <Description>These are default test settings for a local test run.</Description>
    <Deployment enabled="false" runDeploymentRoot="jalex_JALEX-LT 2012-06-29 15_46_45">
      <DeploymentItem filename="C:\Users\jalex\gitQACode2\QATest\Bank\Bank\bin\Debug\Bank.dll" />
    </Deployment>
    <Execution>
      <TestTypeSpecific />
      <AgentRule name="Execution Agents">
      </AgentRule>
    </Execution>
  </TestSettings>
  <Times creation="2012-06-29T15:46:45.5761085-07:00" queuing="2012-06-29T15:46:45.5971106-07:00" start="2012-06-29T15:46:45.6131122-07:00" finish="2012-06-29T15:46:45.7731282-07:00" />
  <ResultSummary outcome="Inconclusive">
    <Counters total="1" executed="1" error="0" failed="0" timeout="0" aborted="0" inconclusive="1" passedButRunAborted="0" notRunnable="0" notExecuted="0" disconnected="0" warning="0" passed="0" completed="0" inProgress="0" pending="0" />
  </ResultSummary>
  <TestDefinitions>
    <UnitTest name="CreditTest" storage="c:\users\jalex\gitqacode2\qatest\bank\testproject1\bin\debug\testproject1.dll" id="3d49e94a-181e-0b7d-0122-782b0cd1b904">
      <Execution id="6bff82d3-7115-4346-8e54-e86b432f6560" />
      <TestMethod codeBase="C:/Users/jalex/gitQACode2/QATest/Bank/TestProject1/bin/Debug/TestProject1.DLL" adapterTypeName="Microsoft.VisualStudio.TestTools.TestTypes.Unit.UnitTestAdapter, Microsoft.VisualStudio.QualityTools.Tips.UnitTest.Adapter, Version=10.0.0.0, Culture=neutral, PublicKeyToken=b03f5f7f11d50a3a" className="TestProject1.BankAccountTest, TestProject1, Version=1.0.0.0, Culture=neutral, PublicKeyToken=null" name="CreditTest" />
    </UnitTest>
  </TestDefinitions>
  <TestLists>
    <TestList name="Results Not in a List" id="8c84fa94-04c1-424b-9868-57a2d4851a1d" />
    <TestList name="All Loaded Results" id="19431567-8539-422a-85d7-44ee4e166bda" />
  </TestLists>
  <TestEntries>
    <TestEntry testId="3d49e94a-181e-0b7d-0122-782b0cd1b904" executionId="6bff82d3-7115-4346-8e54-e86b432f6560" testListId="8c84fa94-04c1-424b-9868-57a2d4851a1d" />
  </TestEntries>
  <Results>
    <UnitTestResult executionId="6bff82d3-7115-4346-8e54-e86b432f6560" testId="3d49e94a-181e-0b7d-0122-782b0cd1b904" testName="CreditTest" computerName="JALEX-LT" duration="00:00:00.0144319" startTime="2012-06-29T15:46:45.6151124-07:00" endTime="2012-06-29T15:46:45.7621271-07:00" testType="13cdc9d9-ddb5-4fa4-a97d-d965ccfc6d4b" outcome="Inconclusive" testListId="8c84fa94-04c1-424b-9868-57a2d4851a1d" relativeResultsDirectory="6bff82d3-7115-4346-8e54-e86b432f6560">
      <Output>
        <ErrorInfo>
          <Message>Assert.Inconclusive failed. A method that does not return a value cannot be verified.</Message>
          <StackTrace>   at TestProject1.BankAccountTest.CreditTest() in C:\Users\jalex\gitQACode2\QATest\Bank\TestProject1\BankAccountTest.cs:line 89
</StackTrace>
        </ErrorInfo>
      </Output>
    </UnitTestResult>
  </Results>
</TestRun>