<?xml version="1.0" encoding="UTF-8"?>
<TestRun id="93de671c-dea3-4309-b136-660ea355e099" name="jalex@JALEX-LT 2012-06-13 12:59:48" runUser="LDCINT\jalex" xmlns="http://microsoft.com/schemas/VisualStudio/TeamTest/2010">
  <TestSettings name="Local" id="1d5d2eda-23a7-40a0-a866-8860f7c71cd4">
    <Description>These are default test settings for a local test run.</Description>
    <Deployment enabled="false" runDeploymentRoot="jalex_JALEX-LT 2012-06-13 12_59_48">
      <DeploymentItem filename="C:\Users\jalex\gitQATestCode1\QATest\Bank\Bank\bin\Debug\Bank.dll" />
    </Deployment>
    <Execution>
      <TestTypeSpecific />
      <AgentRule name="Execution Agents">
      </AgentRule>
    </Execution>
  </TestSettings>
  <Times creation="2012-06-13T12:59:48.7416363-07:00" queuing="2012-06-13T12:59:48.8046363-07:00" start="2012-06-13T12:59:48.8086363-07:00" finish="2012-06-13T12:59:48.9656363-07:00" />
  <ResultSummary outcome="Warning">
    <Counters total="1" executed="1" passed="1" error="0" failed="0" timeout="0" aborted="0" inconclusive="0" passedButRunAborted="0" notRunnable="0" notExecuted="0" disconnected="0" warning="0" completed="0" inProgress="0" pending="0" />
    <RunInfos>
      <RunInfo computerName="JALEX-LT" outcome="Warning" timestamp="2012-06-13T12:59:48.8046363-07:00">
        <Text>Deployment is currently disabled. The deployment item 'Bank.dll' on test 'TestProject1.BankAccountTest.FreezeAccountTest' was not deployed.</Text>
      </RunInfo>
    </RunInfos>
  </ResultSummary>
  <TestDefinitions>
    <UnitTest name="FreezeAccountTest" storage="c:\users\jalex\gitqatestcode1\qatest\bank\testproject1\bin\debug\testproject1.dll" id="649e83c6-cea5-4b0a-89e1-fbdafde6de08">
      <DeploymentItems>
        <DeploymentItem filename="Bank.dll" />
      </DeploymentItems>
      <Execution id="bccb91b7-22db-41cf-a53d-72934cc9ae83" />
      <TestMethod codeBase="C:/Users/jalex/gitQATestCode1/QATest/Bank/TestProject1/bin/Debug/TestProject1.DLL" adapterTypeName="Microsoft.VisualStudio.TestTools.TestTypes.Unit.UnitTestAdapter, Microsoft.VisualStudio.QualityTools.Tips.UnitTest.Adapter, Version=10.0.0.0, Culture=neutral, PublicKeyToken=b03f5f7f11d50a3a" className="TestProject1.BankAccountTest, TestProject1, Version=1.0.0.0, Culture=neutral, PublicKeyToken=null" name="FreezeAccountTest" />
    </UnitTest>
  </TestDefinitions>
  <TestLists>
    <TestList name="Results Not in a List" id="8c84fa94-04c1-424b-9868-57a2d4851a1d" />
    <TestList name="All Loaded Results" id="19431567-8539-422a-85d7-44ee4e166bda" />
  </TestLists>
  <TestEntries>
    <TestEntry testId="649e83c6-cea5-4b0a-89e1-fbdafde6de08" executionId="bccb91b7-22db-41cf-a53d-72934cc9ae83" testListId="8c84fa94-04c1-424b-9868-57a2d4851a1d" />
  </TestEntries>
  <Results>
    <UnitTestResult executionId="bccb91b7-22db-41cf-a53d-72934cc9ae83" testId="649e83c6-cea5-4b0a-89e1-fbdafde6de08" testName="FreezeAccountTest" computerName="JALEX-LT" duration="00:00:00.0147750" startTime="2012-06-13T12:59:48.8106363-07:00" endTime="2012-06-13T12:59:48.9546363-07:00" testType="13cdc9d9-ddb5-4fa4-a97d-d965ccfc6d4b" outcome="Passed" testListId="8c84fa94-04c1-424b-9868-57a2d4851a1d" relativeResultsDirectory="bccb91b7-22db-41cf-a53d-72934cc9ae83">
    </UnitTestResult>
  </Results>
</TestRun>