<?xml version="1.0" encoding="UTF-8"?>
<TestRun id="f782d8f2-c14b-4582-89ef-889d8498bcd4" name="jalex@JALEX-LT 2012-06-29 15:46:41" runUser="LDCINT\jalex" xmlns="http://microsoft.com/schemas/VisualStudio/TeamTest/2010">
  <TestSettings name="Local" id="1d5d2eda-23a7-40a0-a866-8860f7c71cd4">
    <Description>These are default test settings for a local test run.</Description>
    <Deployment enabled="false" runDeploymentRoot="jalex_JALEX-LT 2012-06-29 15_46_41">
      <DeploymentItem filename="C:\Users\jalex\gitQACode2\QATest\Bank\Bank\bin\Debug\Bank.dll" />
    </Deployment>
    <Execution>
      <TestTypeSpecific />
      <AgentRule name="Execution Agents">
      </AgentRule>
    </Execution>
  </TestSettings>
  <Times creation="2012-06-29T15:46:41.7727282-07:00" queuing="2012-06-29T15:46:42.3527862-07:00" start="2012-06-29T15:46:42.4307940-07:00" finish="2012-06-29T15:46:42.7548264-07:00" />
  <ResultSummary outcome="Failed">
    <Counters total="1" executed="1" error="0" failed="1" timeout="0" aborted="0" inconclusive="0" passedButRunAborted="0" notRunnable="0" notExecuted="0" disconnected="0" warning="0" passed="0" completed="0" inProgress="0" pending="0" />
  </ResultSummary>
  <TestDefinitions>
    <UnitTest name="DebitTest" storage="c:\users\jalex\gitqacode2\qatest\bank\testproject1\bin\debug\testproject1.dll" id="26bfaab1-75c4-8f62-7229-929a1e9a0aee">
      <Execution id="1a968b73-b44c-4fc8-aeef-e7829455bbbf" />
      <TestMethod codeBase="C:/Users/jalex/gitQACode2/QATest/Bank/TestProject1/bin/Debug/TestProject1.DLL" adapterTypeName="Microsoft.VisualStudio.TestTools.TestTypes.Unit.UnitTestAdapter, Microsoft.VisualStudio.QualityTools.Tips.UnitTest.Adapter, Version=10.0.0.0, Culture=neutral, PublicKeyToken=b03f5f7f11d50a3a" className="TestProject1.BankAccountTest, TestProject1, Version=1.0.0.0, Culture=neutral, PublicKeyToken=null" name="DebitTest" />
    </UnitTest>
  </TestDefinitions>
  <TestLists>
    <TestList name="Results Not in a List" id="8c84fa94-04c1-424b-9868-57a2d4851a1d" />
    <TestList name="All Loaded Results" id="19431567-8539-422a-85d7-44ee4e166bda" />
  </TestLists>
  <TestEntries>
    <TestEntry testId="26bfaab1-75c4-8f62-7229-929a1e9a0aee" executionId="1a968b73-b44c-4fc8-aeef-e7829455bbbf" testListId="8c84fa94-04c1-424b-9868-57a2d4851a1d" />
  </TestEntries>
  <Results>
    <UnitTestResult executionId="1a968b73-b44c-4fc8-aeef-e7829455bbbf" testId="26bfaab1-75c4-8f62-7229-929a1e9a0aee" testName="DebitTest" computerName="JALEX-LT" duration="00:00:00.0636092" startTime="2012-06-29T15:46:42.4657975-07:00" endTime="2012-06-29T15:46:42.7348244-07:00" testType="13cdc9d9-ddb5-4fa4-a97d-d965ccfc6d4b" outcome="Failed" testListId="8c84fa94-04c1-424b-9868-57a2d4851a1d" relativeResultsDirectory="1a968b73-b44c-4fc8-aeef-e7829455bbbf">
      <Output>
        <ErrorInfo>
          <Message>Assert.AreEqual failed. Expected a difference no greater than &lt;0.05&gt; between expected value &lt;0.77&gt; and actual value &lt;23.21&gt;. </Message>
          <StackTrace>   at TestProject1.BankAccountTest.DebitTest() in C:\Users\jalex\gitQACode2\QATest\Bank\TestProject1\BankAccountTest.cs:line 77
</StackTrace>
        </ErrorInfo>
      </Output>
    </UnitTestResult>
  </Results>
</TestRun>